2024-07-23T00:47:19.745Z 0: 

----------------------------------------------
2024-07-23T00:47:19.749Z 1: Discord starting: {"releaseChannel":"stable","version":"0.0.61"}, modulepath: /home/lucas/.config/discord/0.0.61/modules
2024-07-23T00:47:19.752Z 2: ✅ webContents.created web1 "index.html"
2024-07-23T00:47:19.754Z 3: ✅ window.created win1 "discord"
2024-07-23T00:47:19.959Z 4: ✅ webContents.did-finish-load web1
2024-07-23T00:47:22.932Z 5: ✅ webContents.created web2 ""
2024-07-23T00:47:22.934Z 6: ✅ window.created win2 "Discord"
2024-07-23T00:47:24.008Z 7: ✅ webContents.did-finish-load web2
2024-07-23T00:47:24.109Z 8: window.close win1
2024-07-23T00:47:24.112Z 9: webContents.destroyed web1
2024-07-23T00:47:24.113Z 10: window.closed win1
2024-07-23T01:29:14.040Z 11: window.close win2
2024-07-23T04:34:56.775Z 12: before-quit
2024-07-23T04:34:56.777Z 13: window.close win2
2024-07-23T04:39:48.659Z 0: 

----------------------------------------------
2024-07-23T04:39:48.665Z 1: Discord starting: {"releaseChannel":"stable","version":"0.0.61"}, modulepath: /home/lucas/.config/discord/0.0.61/modules
2024-07-23T04:39:48.667Z 2: ✅ webContents.created web1 ""
2024-07-23T04:39:48.667Z 3: ✅ window.created win1 "discord"
2024-07-23T04:39:48.850Z 4: ✅ webContents.did-finish-load web1
2024-07-23T04:39:49.037Z 5: ✅ webContents.created web2 ""
2024-07-23T04:39:49.039Z 6: ✅ window.created win2 "Discord"
2024-07-23T04:39:50.420Z 7: ✅ webContents.did-finish-load web2
2024-07-23T04:39:50.521Z 8: window.close win1
2024-07-23T04:39:50.524Z 9: webContents.destroyed web1
2024-07-23T04:39:50.525Z 10: window.closed win1
2024-07-23T06:20:50.219Z 11: before-quit
2024-07-23T06:20:50.223Z 12: window.close win2
2024-07-23T09:44:25.502Z 0: 

----------------------------------------------
2024-07-23T09:44:25.509Z 1: Discord starting: {"releaseChannel":"stable","version":"0.0.61"}, modulepath: /home/lucas/.config/discord/0.0.61/modules
2024-07-23T09:44:25.511Z 2: ✅ webContents.created web1 ""
2024-07-23T09:44:25.512Z 3: ✅ window.created win1 "discord"
2024-07-23T09:44:25.702Z 4: ✅ webContents.did-finish-load web1
2024-07-23T09:44:25.840Z 5: ✅ webContents.created web2 ""
2024-07-23T09:44:25.844Z 6: ✅ window.created win2 "Discord"
2024-07-23T09:44:26.928Z 7: ✅ webContents.did-finish-load web2
2024-07-23T09:44:27.028Z 8: window.close win1
2024-07-23T09:44:27.032Z 9: webContents.destroyed web1
2024-07-23T09:44:27.033Z 10: window.closed win1
2024-07-23T10:13:18.695Z 11: window.close win2
2024-07-23T10:25:56.284Z 12: before-quit
2024-07-23T21:04:53.877Z 0: 

----------------------------------------------
2024-07-23T21:04:53.883Z 1: Discord starting: {"releaseChannel":"stable","version":"0.0.61"}, modulepath: /home/lucas/.config/discord/0.0.61/modules
2024-07-23T21:04:53.885Z 2: ✅ webContents.created web1 "index.html"
2024-07-23T21:04:53.886Z 3: ✅ window.created win1 "discord"
2024-07-23T21:04:54.059Z 4: ✅ webContents.did-finish-load web1
2024-07-23T21:04:54.250Z 5: ✅ webContents.created web2 ""
2024-07-23T21:04:54.251Z 6: ✅ window.created win2 "Discord"
2024-07-23T21:04:55.373Z 7: ✅ webContents.did-finish-load web2
2024-07-23T21:04:55.474Z 8: window.close win1
2024-07-23T21:04:55.477Z 9: webContents.destroyed web1
2024-07-23T21:04:55.478Z 10: window.closed win1
2024-07-24T00:07:04.045Z 0: 

----------------------------------------------
2024-07-24T00:07:04.051Z 1: Discord starting: {"releaseChannel":"stable","version":"0.0.61"}, modulepath: /home/lucas/.config/discord/0.0.61/modules
2024-07-24T00:07:04.053Z 2: ✅ webContents.created web1 "index.html"
2024-07-24T00:07:04.054Z 3: ✅ window.created win1 "discord"
2024-07-24T00:07:04.244Z 4: ✅ webContents.did-finish-load web1
2024-07-24T00:07:04.416Z 5: ✅ webContents.created web2 ""
2024-07-24T00:07:04.418Z 6: ✅ window.created win2 "Discord"
2024-07-24T00:07:06.017Z 7: ✅ webContents.did-finish-load web2
2024-07-24T00:07:06.117Z 8: window.close win1
2024-07-24T00:07:06.121Z 9: webContents.destroyed web1
2024-07-24T00:07:06.122Z 10: window.closed win1
2024-07-24T00:47:48.775Z 0: 

----------------------------------------------
2024-07-24T00:47:48.782Z 1: Discord starting: {"releaseChannel":"stable","version":"0.0.61"}, modulepath: /home/lucas/.config/discord/0.0.61/modules
2024-07-24T00:47:48.784Z 2: ✅ webContents.created web1 "index.html"
2024-07-24T00:47:48.785Z 3: ✅ window.created win1 "discord"
2024-07-24T00:47:48.941Z 4: ✅ webContents.did-finish-load web1
2024-07-24T00:47:49.133Z 5: ✅ webContents.created web2 ""
2024-07-24T00:47:49.136Z 6: ✅ window.created win2 "Discord"
2024-07-24T00:47:50.538Z 7: ✅ webContents.did-finish-load web2
2024-07-24T00:47:50.637Z 8: window.close win1
2024-07-24T00:47:50.642Z 9: webContents.destroyed web1
2024-07-24T00:47:50.643Z 10: window.closed win1
2024-07-24T00:48:23.702Z 11: window.close win2
2024-07-24T00:48:39.190Z 0: 

----------------------------------------------
2024-07-24T00:48:39.194Z 1: Discord starting: {"releaseChannel":"stable","version":"0.0.61"}, modulepath: /home/lucas/.config/discord/0.0.61/modules
2024-07-24T00:48:47.547Z 12: before-quit
2024-07-24T00:48:47.549Z 13: window.close win2
2024-07-24T00:48:47.552Z 14: ❌ child-process-gone {
  type: 'Utility',
  reason: 'killed',
  exitCode: 15,
  serviceName: 'audio.mojom.AudioService',
  name: 'Audio Service'
}
2024-07-24T00:48:47.557Z 15: ❌ child-process-gone {
  type: 'Utility',
  reason: 'killed',
  exitCode: 15,
  serviceName: 'network.mojom.NetworkService',
  name: 'Network Service'
}
2024-07-24T00:48:49.811Z 0: 

----------------------------------------------
2024-07-24T00:48:49.818Z 1: Discord starting: {"releaseChannel":"stable","version":"0.0.61"}, modulepath: /home/lucas/.config/discord/0.0.61/modules
2024-07-24T00:48:49.820Z 2: ✅ webContents.created web1 "index.html"
2024-07-24T00:48:49.821Z 3: ✅ window.created win1 "discord"
2024-07-24T00:48:49.986Z 4: ✅ webContents.did-finish-load web1
2024-07-24T00:48:50.139Z 5: ✅ webContents.created web2 ""
2024-07-24T00:48:50.142Z 6: ✅ window.created win2 "Discord"
2024-07-24T00:48:51.164Z 7: ✅ webContents.did-finish-load web2
2024-07-24T00:48:51.265Z 8: window.close win1
2024-07-24T00:48:51.269Z 9: webContents.destroyed web1
2024-07-24T00:48:51.271Z 10: window.closed win1
2024-07-24T01:03:27.576Z 0: 

----------------------------------------------
2024-07-24T01:03:27.583Z 1: Discord starting: {"releaseChannel":"stable","version":"0.0.61"}, modulepath: /home/lucas/.config/discord/0.0.61/modules
2024-07-24T01:03:27.585Z 2: ✅ webContents.created web1 "index.html"
2024-07-24T01:03:27.586Z 3: ✅ window.created win1 "discord"
2024-07-24T01:03:27.773Z 4: ✅ webContents.did-finish-load web1
2024-07-24T01:03:27.915Z 5: ✅ webContents.created web2 ""
2024-07-24T01:03:27.917Z 6: ✅ window.created win2 "Discord"
2024-07-24T01:03:28.970Z 7: ✅ webContents.did-finish-load web2
2024-07-24T01:03:29.071Z 8: window.close win1
2024-07-24T01:03:29.075Z 9: webContents.destroyed web1
2024-07-24T01:03:29.075Z 10: window.closed win1
2024-07-24T01:10:29.075Z 11: before-quit
2024-07-24T01:16:21.407Z 0: 

----------------------------------------------
2024-07-24T01:16:21.413Z 1: Discord starting: {"releaseChannel":"stable","version":"0.0.61"}, modulepath: /home/lucas/.config/discord/0.0.61/modules
2024-07-24T01:16:21.415Z 2: ✅ webContents.created web1 "index.html"
2024-07-24T01:16:21.416Z 3: ✅ window.created win1 "discord"
2024-07-24T01:16:21.577Z 4: ✅ webContents.did-finish-load web1
2024-07-24T01:16:21.796Z 5: ✅ webContents.created web2 ""
2024-07-24T01:16:21.798Z 6: ✅ window.created win2 "Discord"
2024-07-24T01:16:22.876Z 7: ✅ webContents.did-finish-load web2
2024-07-24T01:16:22.977Z 8: window.close win1
2024-07-24T01:16:22.981Z 9: webContents.destroyed web1
2024-07-24T01:16:22.982Z 10: window.closed win1
2024-07-24T08:54:27.210Z 11: before-quit
2024-07-24T17:26:11.644Z 0: 

----------------------------------------------
2024-07-24T17:26:11.651Z 1: Discord starting: {"releaseChannel":"stable","version":"0.0.61"}, modulepath: /home/lucas/.config/discord/0.0.61/modules
2024-07-24T17:26:11.653Z 2: ✅ webContents.created web1 "index.html"
2024-07-24T17:26:11.654Z 3: ✅ window.created win1 "discord"
2024-07-24T17:26:11.839Z 4: ✅ webContents.did-finish-load web1
2024-07-24T17:26:12.017Z 5: ✅ webContents.created web2 ""
2024-07-24T17:26:12.019Z 6: ✅ window.created win2 "Discord"
2024-07-24T17:26:13.054Z 7: ✅ webContents.did-finish-load web2
2024-07-24T17:26:13.155Z 8: window.close win1
2024-07-24T17:26:13.158Z 9: webContents.destroyed web1
2024-07-24T17:26:13.158Z 10: window.closed win1
2024-07-24T21:57:02.485Z 11: before-quit
2024-07-24T21:57:02.486Z 12: window.close win2
2024-07-24T23:29:10.895Z 0: 

----------------------------------------------
2024-07-24T23:29:10.902Z 1: Discord starting: {"releaseChannel":"stable","version":"0.0.61"}, modulepath: /home/lucas/.config/discord/0.0.61/modules
2024-07-24T23:29:10.904Z 2: ✅ webContents.created web1 ""
2024-07-24T23:29:10.905Z 3: ✅ window.created win1 "discord"
2024-07-24T23:29:11.098Z 4: ✅ webContents.did-finish-load web1
2024-07-24T23:29:11.297Z 5: ✅ webContents.created web2 ""
2024-07-24T23:29:11.299Z 6: ✅ window.created win2 "Discord"
2024-07-24T23:29:12.338Z 7: ✅ webContents.did-finish-load web2
2024-07-24T23:29:12.438Z 8: window.close win1
2024-07-24T23:29:12.441Z 9: webContents.destroyed web1
2024-07-24T23:29:12.442Z 10: window.closed win1
2024-07-25T09:35:15.952Z 11: before-quit
2024-07-25T09:35:15.968Z 12: window.close win2
2024-07-25T18:25:53.810Z 0: 

----------------------------------------------
2024-07-25T18:25:53.817Z 1: Discord starting: {"releaseChannel":"stable","version":"0.0.61"}, modulepath: /home/lucas/.config/discord/0.0.61/modules
2024-07-25T18:25:53.818Z 2: ✅ webContents.created web1 "index.html"
2024-07-25T18:25:53.819Z 3: ✅ window.created win1 "discord"
2024-07-25T18:25:54.016Z 4: ✅ webContents.did-finish-load web1
2024-07-25T18:25:54.183Z 5: ✅ webContents.created web2 ""
2024-07-25T18:25:54.185Z 6: ✅ window.created win2 "Discord"
2024-07-25T18:25:55.773Z 7: ✅ webContents.did-finish-load web2
2024-07-25T18:25:55.874Z 8: window.close win1
2024-07-25T18:25:55.877Z 9: webContents.destroyed web1
2024-07-25T18:25:55.879Z 10: window.closed win1
2024-07-26T00:47:24.081Z 11: before-quit
2024-07-26T00:47:24.083Z 12: window.close win2
2024-07-26T02:09:42.707Z 0: 

----------------------------------------------
2024-07-26T02:09:42.714Z 1: Discord starting: {"releaseChannel":"stable","version":"0.0.61"}, modulepath: /home/lucas/.config/discord/0.0.61/modules
2024-07-26T02:09:42.716Z 2: ✅ webContents.created web1 ""
2024-07-26T02:09:42.717Z 3: ✅ window.created win1 "discord"
2024-07-26T02:09:42.904Z 4: ✅ webContents.did-finish-load web1
2024-07-26T02:09:43.245Z 5: ✅ webContents.created web2 ""
2024-07-26T02:09:43.249Z 6: ✅ window.created win2 "Discord"
2024-07-26T02:09:45.008Z 7: ✅ webContents.did-finish-load web2
2024-07-26T02:09:45.108Z 8: window.close win1
2024-07-26T02:09:45.112Z 9: webContents.destroyed web1
2024-07-26T02:09:45.112Z 10: window.closed win1
2024-07-26T06:15:16.495Z 0: 

----------------------------------------------
2024-07-26T06:15:16.502Z 1: Discord starting: {"releaseChannel":"stable","version":"0.0.61"}, modulepath: /home/lucas/.config/discord/0.0.61/modules
2024-07-26T06:15:16.504Z 2: ✅ webContents.created web1 "index.html"
2024-07-26T06:15:16.505Z 3: ✅ window.created win1 "discord"
2024-07-26T06:15:16.690Z 4: ✅ webContents.did-finish-load web1
2024-07-26T06:15:16.873Z 5: ✅ webContents.created web2 ""
2024-07-26T06:15:16.876Z 6: ✅ window.created win2 "Discord"
2024-07-26T06:15:18.394Z 7: ✅ webContents.did-finish-load web2
2024-07-26T06:15:18.495Z 8: window.close win1
2024-07-26T06:15:18.500Z 9: webContents.destroyed web1
2024-07-26T06:15:18.501Z 10: window.closed win1
2024-07-26T07:25:03.833Z 11: before-quit
2024-07-26T07:25:03.835Z 12: window.close win2
2024-07-26T14:15:22.202Z 0: 

----------------------------------------------
2024-07-26T14:15:22.208Z 1: Discord starting: {"releaseChannel":"stable","version":"0.0.61"}, modulepath: /home/lucas/.config/discord/0.0.61/modules
2024-07-26T14:15:22.210Z 2: ✅ webContents.created web1 ""
2024-07-26T14:15:22.211Z 3: ✅ window.created win1 "discord"
2024-07-26T14:15:22.391Z 4: ✅ webContents.did-finish-load web1
2024-07-26T14:15:22.546Z 5: ✅ webContents.created web2 ""
2024-07-26T14:15:22.547Z 6: ✅ window.created win2 "Discord"
2024-07-26T14:15:23.590Z 7: ✅ webContents.did-finish-load web2
2024-07-26T14:15:23.690Z 8: window.close win1
2024-07-26T14:15:23.693Z 9: webContents.destroyed web1
2024-07-26T14:15:23.694Z 10: window.closed win1
2024-07-26T21:27:45.705Z 11: before-quit
2024-07-26T21:27:45.710Z 12: window.close win2
2024-07-26T23:41:39.120Z 0: 

----------------------------------------------
2024-07-26T23:41:39.126Z 1: Discord starting: {"releaseChannel":"stable","version":"0.0.61"}, modulepath: /home/lucas/.config/discord/0.0.61/modules
2024-07-26T23:41:39.129Z 2: ✅ webContents.created web1 "index.html"
2024-07-26T23:41:39.130Z 3: ✅ window.created win1 "discord"
2024-07-26T23:41:39.315Z 4: ✅ webContents.did-finish-load web1
2024-07-26T23:41:39.514Z 5: ✅ webContents.created web2 ""
2024-07-26T23:41:39.517Z 6: ✅ window.created win2 "Discord"
2024-07-26T23:41:41.220Z 7: ✅ webContents.did-finish-load web2
2024-07-26T23:41:41.320Z 8: window.close win1
2024-07-26T23:41:41.324Z 9: webContents.destroyed web1
2024-07-26T23:41:41.326Z 10: window.closed win1
2024-07-27T00:22:52.140Z 11: before-quit
2024-07-27T00:22:52.141Z 12: window.close win2
2024-07-28T22:14:03.453Z 0: 

----------------------------------------------
2024-07-28T22:14:03.460Z 1: Discord starting: {"releaseChannel":"stable","version":"0.0.61"}, modulepath: /home/lucas/.config/discord/0.0.61/modules
2024-07-28T22:14:03.461Z 2: ✅ webContents.created web1 ""
2024-07-28T22:14:03.463Z 3: ✅ window.created win1 "discord"
2024-07-28T22:14:03.647Z 4: ✅ webContents.did-finish-load web1
2024-07-28T22:14:03.824Z 5: ✅ webContents.created web2 ""
2024-07-28T22:14:03.827Z 6: ✅ window.created win2 "Discord"
2024-07-28T22:14:05.243Z 7: ✅ webContents.did-finish-load web2
2024-07-28T22:14:05.344Z 8: window.close win1
2024-07-28T22:14:05.347Z 9: webContents.destroyed web1
2024-07-28T22:14:05.348Z 10: window.closed win1
2024-07-28T23:40:22.202Z 0: 

----------------------------------------------
2024-07-28T23:40:22.208Z 1: Discord starting: {"releaseChannel":"stable","version":"0.0.61"}, modulepath: /home/lucas/.config/discord/0.0.61/modules
2024-07-28T23:40:22.210Z 2: ✅ webContents.created web1 ""
2024-07-28T23:40:22.210Z 3: ✅ window.created win1 "discord"
2024-07-28T23:40:22.428Z 4: ✅ webContents.did-finish-load web1
2024-07-28T23:40:22.532Z 5: ✅ webContents.created web2 ""
2024-07-28T23:40:22.534Z 6: ✅ window.created win2 "Discord"
2024-07-28T23:40:23.584Z 7: ✅ webContents.did-finish-load web2
2024-07-28T23:40:23.685Z 8: window.close win1
2024-07-28T23:40:23.688Z 9: webContents.destroyed web1
2024-07-28T23:40:23.689Z 10: window.closed win1
2024-07-28T23:44:52.970Z 11: before-quit
2024-07-28T23:44:52.972Z 12: window.close win2
2024-07-28T23:44:52.976Z 13: ❌ child-process-gone {
  type: 'Utility',
  reason: 'killed',
  exitCode: 15,
  serviceName: 'audio.mojom.AudioService',
  name: 'Audio Service'
}
2024-07-28T23:45:06.085Z 0: 

----------------------------------------------
2024-07-28T23:45:06.091Z 1: Discord starting: {"releaseChannel":"stable","version":"0.0.61"}, modulepath: /home/lucas/.config/discord/0.0.61/modules
2024-07-28T23:45:06.093Z 2: ✅ webContents.created web1 "index.html"
2024-07-28T23:45:06.094Z 3: ✅ window.created win1 "discord"
2024-07-28T23:45:06.276Z 4: ✅ webContents.did-finish-load web1
2024-07-28T23:45:06.465Z 5: ✅ webContents.created web2 ""
2024-07-28T23:45:06.468Z 6: ✅ window.created win2 "Discord"
2024-07-28T23:45:07.495Z 7: ✅ webContents.did-finish-load web2
2024-07-28T23:45:07.596Z 8: window.close win1
2024-07-28T23:45:07.599Z 9: webContents.destroyed web1
2024-07-28T23:45:07.600Z 10: window.closed win1
2024-07-29T01:05:53.971Z 11: window.close win2
